2020-07-05 11:29:35 [ INFO]-main - Log -Log.java(38)  -Server start .........
2020-07-05 11:32:36 [ INFO]-main - Log -Log.java(38)  -Server start .........
2020-07-05 11:32:36 [ INFO]-main - Log -Log.java(38)  -Config file found ! 
2020-07-05 11:32:36 [ INFO]-main - Log -Log.java(38)  -web.properties loaded 
2020-07-05 11:32:36 [ INFO]-main - Log -Log.java(38)  -[template dir] C:\work\YangMVC\YangMVC\Boot\.\view
2020-07-05 11:32:36 [ INFO]-main - Log -Log.java(38)  -[template dir] C:\work\YangMVC\YangMVC\Boot\view
2020-07-05 11:32:36 [ INFO]-main - Log -Log.java(38)  -[template dir] classpath /view
2020-07-05 11:32:36 [ INFO]-main - Log -Log.java(38)  -Find view/ dir ,use it !
2020-07-05 11:32:36 [ INFO]-main - Log -Log.java(38)  -Config [dbhost=localhost, dbname=mvc_demo, dbusr=root, dbpwd=[hidden], port = 3306, tpl_base=/view, ctr_base=org.docshare.demo,reloadable=true,useSSL=false,dbtype=mysql,interceptors={}, post-process={org.docshare.mvc.BasePostIntercepter}]
2020-07-05 11:32:36 [ INFO]-main - Log -Log.java(38)  -jetty-8.1.0.v20120127
2020-07-05 11:32:36 [ INFO]-main - Log -Log.java(38)  -Started {}
2020-07-05 11:32:36 [ INFO]-main - Log -Log.java(38)  -服务器已经开启 Server is Started
2020-07-05 11:32:36 [ INFO]-main - Log -Log.java(38)  -please visit http://127.0.0.1:1985
2020-07-05 11:32:37 [ INFO]-main - Log -Log.java(38)  -本机的IP = 127.0.0.1
2020-07-05 11:32:37 [ INFO]-main - Log -Log.java(38)  -本机的IP = 192.168.56.1
2020-07-05 11:32:37 [ INFO]-main - Log -Log.java(38)  -本机的IP = 192.168.0.13
2020-07-05 11:32:37 [ INFO]-main - Log -Log.java(38)  -每按一次回车键打开一次浏览器,Press Enter key to open browser
2020-07-05 11:32:38 [ INFO]-main - Log -Log.java(38)  -每按一次回车键打开一次浏览器,Press Enter key to open browser
2020-07-05 11:32:39 [ INFO]-qtp1542020201-16 - Log -Log.java(38)  -visit /
2020-07-05 11:32:39 [ERROR]-qtp1542020201-16 - Log -Log.java(49)  -java.lang.NullPointerException
	at org.docshare.mvc.Controller.outputJSON(Controller.java:676)
	at org.docshare.mvc.Controller.outputJSON(Controller.java:667)
	at org.docshare.mvc.BasePostIntercepter.postProcess(BasePostIntercepter.java:26)
	at org.docshare.mvc.Loader.runPostProcessing(Loader.java:256)
	at org.docshare.mvc.Loader.call(Loader.java:213)
	at org.docshare.mvc.MVCFilter.process(MVCFilter.java:80)
	at org.docshare.mvc.MVCFilter.doFilter(MVCFilter.java:157)
	at org.docshare.boot.YangHandle.handle(YangHandle.java:171)
	at org.eclipse.jetty.server.handler.HandlerCollection.handle(HandlerCollection.java:149)
	at org.eclipse.jetty.server.handler.ContextHandler.doHandle(ContextHandler.java:1067)
	at org.eclipse.jetty.server.session.SessionHandler.doScope(SessionHandler.java:194)
	at org.eclipse.jetty.server.handler.ContextHandler.doScope(ContextHandler.java:999)
	at org.eclipse.jetty.server.handler.ScopedHandler.handle(ScopedHandler.java:117)
	at org.eclipse.jetty.server.handler.HandlerWrapper.handle(HandlerWrapper.java:111)
	at org.eclipse.jetty.server.Server.handle(Server.java:351)
	at org.eclipse.jetty.server.AbstractHttpConnection.handleRequest(AbstractHttpConnection.java:451)
	at org.eclipse.jetty.server.AbstractHttpConnection$RequestHandler.headerComplete(AbstractHttpConnection.java:916)
	at org.eclipse.jetty.http.HttpParser.parseNext(HttpParser.java:634)
	at org.eclipse.jetty.http.HttpParser.parseAvailable(HttpParser.java:230)
	at org.eclipse.jetty.server.AsyncHttpConnection.handle(AsyncHttpConnection.java:76)
	at org.eclipse.jetty.io.nio.SelectChannelEndPoint.handle(SelectChannelEndPoint.java:609)
	at org.eclipse.jetty.io.nio.SelectChannelEndPoint$1.run(SelectChannelEndPoint.java:45)
	at org.eclipse.jetty.util.thread.QueuedThreadPool.runJob(QueuedThreadPool.java:599)
	at org.eclipse.jetty.util.thread.QueuedThreadPool$3.run(QueuedThreadPool.java:534)
	at java.lang.Thread.run(Thread.java:744)

2020-07-05 11:32:40 [ INFO]-qtp1542020201-12 - Log -Log.java(38)  -visit /favicon.ico
2020-07-05 11:34:07 [ INFO]-qtp1542020201-10 - Log -Log.java(38)  -visit /
2020-07-05 11:34:07 [ERROR]-qtp1542020201-10 - Log -Log.java(49)  -java.lang.NullPointerException
	at org.docshare.mvc.Controller.outputJSON(Controller.java:676)
	at org.docshare.mvc.Controller.outputJSON(Controller.java:667)
	at org.docshare.mvc.BasePostIntercepter.postProcess(BasePostIntercepter.java:26)
	at org.docshare.mvc.Loader.runPostProcessing(Loader.java:256)
	at org.docshare.mvc.Loader.call(Loader.java:213)
	at org.docshare.mvc.MVCFilter.process(MVCFilter.java:80)
	at org.docshare.mvc.MVCFilter.doFilter(MVCFilter.java:157)
	at org.docshare.boot.YangHandle.handle(YangHandle.java:171)
	at org.eclipse.jetty.server.handler.HandlerCollection.handle(HandlerCollection.java:149)
	at org.eclipse.jetty.server.handler.ContextHandler.doHandle(ContextHandler.java:1067)
	at org.eclipse.jetty.server.session.SessionHandler.doScope(SessionHandler.java:194)
	at org.eclipse.jetty.server.handler.ContextHandler.doScope(ContextHandler.java:999)
	at org.eclipse.jetty.server.handler.ScopedHandler.handle(ScopedHandler.java:117)
	at org.eclipse.jetty.server.handler.HandlerWrapper.handle(HandlerWrapper.java:111)
	at org.eclipse.jetty.server.Server.handle(Server.java:351)
	at org.eclipse.jetty.server.AbstractHttpConnection.handleRequest(AbstractHttpConnection.java:451)
	at org.eclipse.jetty.server.AbstractHttpConnection$RequestHandler.headerComplete(AbstractHttpConnection.java:916)
	at org.eclipse.jetty.http.HttpParser.parseNext(HttpParser.java:634)
	at org.eclipse.jetty.http.HttpParser.parseAvailable(HttpParser.java:230)
	at org.eclipse.jetty.server.AsyncHttpConnection.handle(AsyncHttpConnection.java:76)
	at org.eclipse.jetty.io.nio.SelectChannelEndPoint.handle(SelectChannelEndPoint.java:609)
	at org.eclipse.jetty.io.nio.SelectChannelEndPoint$1.run(SelectChannelEndPoint.java:45)
	at org.eclipse.jetty.util.thread.QueuedThreadPool.runJob(QueuedThreadPool.java:599)
	at org.eclipse.jetty.util.thread.QueuedThreadPool$3.run(QueuedThreadPool.java:534)
	at java.lang.Thread.run(Thread.java:744)

2020-07-05 11:34:08 [ INFO]-qtp1542020201-10 - Log -Log.java(38)  -visit /
2020-07-05 11:34:08 [ERROR]-qtp1542020201-10 - Log -Log.java(49)  -java.lang.NullPointerException
	at org.docshare.mvc.Controller.outputJSON(Controller.java:676)
	at org.docshare.mvc.Controller.outputJSON(Controller.java:667)
	at org.docshare.mvc.BasePostIntercepter.postProcess(BasePostIntercepter.java:26)
	at org.docshare.mvc.Loader.runPostProcessing(Loader.java:256)
	at org.docshare.mvc.Loader.call(Loader.java:213)
	at org.docshare.mvc.MVCFilter.process(MVCFilter.java:80)
	at org.docshare.mvc.MVCFilter.doFilter(MVCFilter.java:157)
	at org.docshare.boot.YangHandle.handle(YangHandle.java:171)
	at org.eclipse.jetty.server.handler.HandlerCollection.handle(HandlerCollection.java:149)
	at org.eclipse.jetty.server.handler.ContextHandler.doHandle(ContextHandler.java:1067)
	at org.eclipse.jetty.server.session.SessionHandler.doScope(SessionHandler.java:194)
	at org.eclipse.jetty.server.handler.ContextHandler.doScope(ContextHandler.java:999)
	at org.eclipse.jetty.server.handler.ScopedHandler.handle(ScopedHandler.java:117)
	at org.eclipse.jetty.server.handler.HandlerWrapper.handle(HandlerWrapper.java:111)
	at org.eclipse.jetty.server.Server.handle(Server.java:351)
	at org.eclipse.jetty.server.AbstractHttpConnection.handleRequest(AbstractHttpConnection.java:451)
	at org.eclipse.jetty.server.AbstractHttpConnection$RequestHandler.headerComplete(AbstractHttpConnection.java:916)
	at org.eclipse.jetty.http.HttpParser.parseNext(HttpParser.java:634)
	at org.eclipse.jetty.http.HttpParser.parseAvailable(HttpParser.java:230)
	at org.eclipse.jetty.server.AsyncHttpConnection.handle(AsyncHttpConnection.java:76)
	at org.eclipse.jetty.io.nio.SelectChannelEndPoint.handle(SelectChannelEndPoint.java:609)
	at org.eclipse.jetty.io.nio.SelectChannelEndPoint$1.run(SelectChannelEndPoint.java:45)
	at org.eclipse.jetty.util.thread.QueuedThreadPool.runJob(QueuedThreadPool.java:599)
	at org.eclipse.jetty.util.thread.QueuedThreadPool$3.run(QueuedThreadPool.java:534)
	at java.lang.Thread.run(Thread.java:744)

2020-07-05 11:34:09 [ INFO]-qtp1542020201-12 - Log -Log.java(38)  -visit /
2020-07-05 11:34:09 [ERROR]-qtp1542020201-12 - Log -Log.java(49)  -java.lang.NullPointerException
	at org.docshare.mvc.Controller.outputJSON(Controller.java:676)
	at org.docshare.mvc.Controller.outputJSON(Controller.java:667)
	at org.docshare.mvc.BasePostIntercepter.postProcess(BasePostIntercepter.java:26)
	at org.docshare.mvc.Loader.runPostProcessing(Loader.java:256)
	at org.docshare.mvc.Loader.call(Loader.java:213)
	at org.docshare.mvc.MVCFilter.process(MVCFilter.java:80)
	at org.docshare.mvc.MVCFilter.doFilter(MVCFilter.java:157)
	at org.docshare.boot.YangHandle.handle(YangHandle.java:171)
	at org.eclipse.jetty.server.handler.HandlerCollection.handle(HandlerCollection.java:149)
	at org.eclipse.jetty.server.handler.ContextHandler.doHandle(ContextHandler.java:1067)
	at org.eclipse.jetty.server.session.SessionHandler.doScope(SessionHandler.java:194)
	at org.eclipse.jetty.server.handler.ContextHandler.doScope(ContextHandler.java:999)
	at org.eclipse.jetty.server.handler.ScopedHandler.handle(ScopedHandler.java:117)
	at org.eclipse.jetty.server.handler.HandlerWrapper.handle(HandlerWrapper.java:111)
	at org.eclipse.jetty.server.Server.handle(Server.java:351)
	at org.eclipse.jetty.server.AbstractHttpConnection.handleRequest(AbstractHttpConnection.java:451)
	at org.eclipse.jetty.server.AbstractHttpConnection$RequestHandler.headerComplete(AbstractHttpConnection.java:916)
	at org.eclipse.jetty.http.HttpParser.parseNext(HttpParser.java:634)
	at org.eclipse.jetty.http.HttpParser.parseAvailable(HttpParser.java:230)
	at org.eclipse.jetty.server.AsyncHttpConnection.handle(AsyncHttpConnection.java:76)
	at org.eclipse.jetty.io.nio.SelectChannelEndPoint.handle(SelectChannelEndPoint.java:609)
	at org.eclipse.jetty.io.nio.SelectChannelEndPoint$1.run(SelectChannelEndPoint.java:45)
	at org.eclipse.jetty.util.thread.QueuedThreadPool.runJob(QueuedThreadPool.java:599)
	at org.eclipse.jetty.util.thread.QueuedThreadPool$3.run(QueuedThreadPool.java:534)
	at java.lang.Thread.run(Thread.java:744)

2020-07-05 11:34:09 [ INFO]-qtp1542020201-11 - Log -Log.java(38)  -visit /
2020-07-05 11:34:09 [ERROR]-qtp1542020201-11 - Log -Log.java(49)  -java.lang.NullPointerException
	at org.docshare.mvc.Controller.outputJSON(Controller.java:676)
	at org.docshare.mvc.Controller.outputJSON(Controller.java:667)
	at org.docshare.mvc.BasePostIntercepter.postProcess(BasePostIntercepter.java:26)
	at org.docshare.mvc.Loader.runPostProcessing(Loader.java:256)
	at org.docshare.mvc.Loader.call(Loader.java:213)
	at org.docshare.mvc.MVCFilter.process(MVCFilter.java:80)
	at org.docshare.mvc.MVCFilter.doFilter(MVCFilter.java:157)
	at org.docshare.boot.YangHandle.handle(YangHandle.java:171)
	at org.eclipse.jetty.server.handler.HandlerCollection.handle(HandlerCollection.java:149)
	at org.eclipse.jetty.server.handler.ContextHandler.doHandle(ContextHandler.java:1067)
	at org.eclipse.jetty.server.session.SessionHandler.doScope(SessionHandler.java:194)
	at org.eclipse.jetty.server.handler.ContextHandler.doScope(ContextHandler.java:999)
	at org.eclipse.jetty.server.handler.ScopedHandler.handle(ScopedHandler.java:117)
	at org.eclipse.jetty.server.handler.HandlerWrapper.handle(HandlerWrapper.java:111)
	at org.eclipse.jetty.server.Server.handle(Server.java:351)
	at org.eclipse.jetty.server.AbstractHttpConnection.handleRequest(AbstractHttpConnection.java:451)
	at org.eclipse.jetty.server.AbstractHttpConnection$RequestHandler.headerComplete(AbstractHttpConnection.java:916)
	at org.eclipse.jetty.http.HttpParser.parseNext(HttpParser.java:634)
	at org.eclipse.jetty.http.HttpParser.parseAvailable(HttpParser.java:230)
	at org.eclipse.jetty.server.AsyncHttpConnection.handle(AsyncHttpConnection.java:76)
	at org.eclipse.jetty.io.nio.SelectChannelEndPoint.handle(SelectChannelEndPoint.java:609)
	at org.eclipse.jetty.io.nio.SelectChannelEndPoint$1.run(SelectChannelEndPoint.java:45)
	at org.eclipse.jetty.util.thread.QueuedThreadPool.runJob(QueuedThreadPool.java:599)
	at org.eclipse.jetty.util.thread.QueuedThreadPool$3.run(QueuedThreadPool.java:534)
	at java.lang.Thread.run(Thread.java:744)

2020-07-05 11:34:15 [ INFO]-qtp1542020201-12 - Log -Log.java(38)  -visit /
2020-07-05 11:34:15 [ERROR]-qtp1542020201-12 - Log -Log.java(49)  -java.lang.NullPointerException
	at org.docshare.mvc.Controller.outputJSON(Controller.java:676)
	at org.docshare.mvc.Controller.outputJSON(Controller.java:667)
	at org.docshare.mvc.BasePostIntercepter.postProcess(BasePostIntercepter.java:26)
	at org.docshare.mvc.Loader.runPostProcessing(Loader.java:256)
	at org.docshare.mvc.Loader.call(Loader.java:213)
	at org.docshare.mvc.MVCFilter.process(MVCFilter.java:80)
	at org.docshare.mvc.MVCFilter.doFilter(MVCFilter.java:157)
	at org.docshare.boot.YangHandle.handle(YangHandle.java:171)
	at org.eclipse.jetty.server.handler.HandlerCollection.handle(HandlerCollection.java:149)
	at org.eclipse.jetty.server.handler.ContextHandler.doHandle(ContextHandler.java:1067)
	at org.eclipse.jetty.server.session.SessionHandler.doScope(SessionHandler.java:194)
	at org.eclipse.jetty.server.handler.ContextHandler.doScope(ContextHandler.java:999)
	at org.eclipse.jetty.server.handler.ScopedHandler.handle(ScopedHandler.java:117)
	at org.eclipse.jetty.server.handler.HandlerWrapper.handle(HandlerWrapper.java:111)
	at org.eclipse.jetty.server.Server.handle(Server.java:351)
	at org.eclipse.jetty.server.AbstractHttpConnection.handleRequest(AbstractHttpConnection.java:451)
	at org.eclipse.jetty.server.AbstractHttpConnection$RequestHandler.headerComplete(AbstractHttpConnection.java:916)
	at org.eclipse.jetty.http.HttpParser.parseNext(HttpParser.java:634)
	at org.eclipse.jetty.http.HttpParser.parseAvailable(HttpParser.java:230)
	at org.eclipse.jetty.server.AsyncHttpConnection.handle(AsyncHttpConnection.java:76)
	at org.eclipse.jetty.io.nio.SelectChannelEndPoint.handle(SelectChannelEndPoint.java:609)
	at org.eclipse.jetty.io.nio.SelectChannelEndPoint$1.run(SelectChannelEndPoint.java:45)
	at org.eclipse.jetty.util.thread.QueuedThreadPool.runJob(QueuedThreadPool.java:599)
	at org.eclipse.jetty.util.thread.QueuedThreadPool$3.run(QueuedThreadPool.java:534)
	at java.lang.Thread.run(Thread.java:744)

2020-07-05 11:34:45 [ INFO]-main - Log -Log.java(38)  -Server start .........
2020-07-05 11:34:45 [ INFO]-main - Log -Log.java(38)  -Config file found ! 
2020-07-05 11:34:45 [ INFO]-main - Log -Log.java(38)  -web.properties loaded 
2020-07-05 11:34:45 [ INFO]-main - Log -Log.java(38)  -[template dir] C:\work\YangMVC\YangMVC\Boot\.\view
2020-07-05 11:34:45 [ INFO]-main - Log -Log.java(38)  -[template dir] C:\work\YangMVC\YangMVC\Boot\view
2020-07-05 11:34:45 [ INFO]-main - Log -Log.java(38)  -[template dir] classpath /view
2020-07-05 11:34:45 [ INFO]-main - Log -Log.java(38)  -Find view/ dir ,use it !
2020-07-05 11:34:45 [ INFO]-main - Log -Log.java(38)  -Config [dbhost=localhost, dbname=mvc_demo, dbusr=root, dbpwd=[hidden], port = 3306, tpl_base=/view, ctr_base=org.docshare.demo,reloadable=true,useSSL=false,dbtype=mysql,interceptors={}, post-process={org.docshare.mvc.BasePostIntercepter}]
2020-07-05 11:34:45 [ INFO]-main - Log -Log.java(38)  -jetty-8.1.0.v20120127
2020-07-05 11:34:45 [ INFO]-main - Log -Log.java(38)  -Started {}
2020-07-05 11:34:45 [ INFO]-main - Log -Log.java(38)  -服务器已经开启 Server is Started
2020-07-05 11:34:45 [ INFO]-main - Log -Log.java(38)  -please visit http://127.0.0.1:1985
2020-07-05 11:34:46 [ INFO]-main - Log -Log.java(38)  -本机的IP = 127.0.0.1
2020-07-05 11:34:46 [ INFO]-main - Log -Log.java(38)  -本机的IP = 192.168.56.1
2020-07-05 11:34:46 [ INFO]-main - Log -Log.java(38)  -本机的IP = 192.168.0.13
2020-07-05 11:34:46 [ INFO]-main - Log -Log.java(38)  -每按一次回车键打开一次浏览器,Press Enter key to open browser
2020-07-05 11:34:49 [ INFO]-qtp1542020201-15 - Log -Log.java(38)  -visit /
2020-07-05 11:36:07 [ INFO]-qtp1542020201-12 - Log -Log.java(38)  -visit /ret
2020-07-05 11:36:07 [ERROR]-qtp1542020201-12 - Log -Log.java(49)  -没这个方法, no such method org.docshare.demo.IndexController.ret,去查查是否有拼写错误？
2020-07-05 11:36:10 [ INFO]-qtp1542020201-14 - Log -Log.java(38)  -visit /retstr
2020-07-05 11:39:51 [ INFO]-qtp1542020201-15 - Log -Log.java(38)  -visit /retjson
2020-07-05 11:39:58 [ INFO]-qtp1542020201-12 - Log -Log.java(38)  -visit /retjson
2020-07-05 11:41:35 [ INFO]-qtp1542020201-16 - Log -Log.java(38)  -visit /retfm
